-------------------------------------------------------------------------------
Test set: runner.AppRunner
-------------------------------------------------------------------------------
Tests run: 1, Failures: 0, Errors: 1, Skipped: 0, Time elapsed: 22.51 s <<< FAILURE! -- in runner.AppRunner
EMPTY_NAME.Search for speciality in top speciality section of consultation in patient app -- Time elapsed: 21.66 s <<< ERROR!
org.openqa.selenium.SessionNotCreatedException: 
Could not start a new session. Response code 500. Message: An unknown server-side error occurred while processing the command. Original error: Error getting device platform version. Original error: Error executing adbExec. Original error: 'Command 'C:\\Users\\Archents\\AppData\\Local\\Android\\Sdk\\platform-tools\\adb.exe -P 5037 -s emulator-5554 shell getprop ro.build.version.release' exited with code 1'; Command output: adb.exe: device still authorizing
 
Host info: host: 'DESKTOP-1B0JSGH', ip: '192.168.1.15'
Build info: version: '4.21.0', revision: '79ed462ef4'
System info: os.name: 'Windows 11', os.arch: 'amd64', os.version: '10.0', java.version: '17.0.11'
Driver info: io.appium.java_client.android.AndroidDriver
Command: [null, newSession {capabilities=[Capabilities {appium:appiumVersion: 2.10.3, appium:automationName: UiAutomator2, appium:deviceName: Pixel_7_Pro_API_31, appium:newCommandTimeout: 60, appium:noReset: true, appium:platformVersion: 12.0, appium:skipUnlock: true, platformName: ANDROID}]}]
Capabilities {appium:appiumVersion: 2.10.3, appium:automationName: UiAutomator2, appium:deviceName: Pixel_7_Pro_API_31, appium:newCommandTimeout: 60, appium:noReset: true, appium:platformVersion: 12.0, appium:skipUnlock: true, platformName: ANDROID}
	at org.openqa.selenium.remote.ProtocolHandshake.createSession(ProtocolHandshake.java:114)
	at org.openqa.selenium.remote.ProtocolHandshake.createSession(ProtocolHandshake.java:75)
	at org.openqa.selenium.remote.ProtocolHandshake.createSession(ProtocolHandshake.java:61)
	at io.appium.java_client.remote.AppiumCommandExecutor.createSession(AppiumCommandExecutor.java:176)
	at io.appium.java_client.remote.AppiumCommandExecutor.execute(AppiumCommandExecutor.java:237)
	at org.openqa.selenium.remote.RemoteWebDriver.execute(RemoteWebDriver.java:518)
	at io.appium.java_client.AppiumDriver.startSession(AppiumDriver.java:270)
	at org.openqa.selenium.remote.RemoteWebDriver.<init>(RemoteWebDriver.java:161)
	at io.appium.java_client.AppiumDriver.<init>(AppiumDriver.java:91)
	at io.appium.java_client.AppiumDriver.<init>(AppiumDriver.java:103)
	at io.appium.java_client.android.AndroidDriver.<init>(AndroidDriver.java:109)
	at baseclass.AppBase.initializeDriver(AppBase.java:52)
	at stepDef.SampleStep.setUp(SampleStep.java:32)

