<?xml version="1.0" encoding="UTF-8"?>
<testsuite xmlns:xsi="http://www.w3.org/2001/XMLSchema-instance" xsi:noNamespaceSchemaLocation="https://maven.apache.org/surefire/maven-surefire-plugin/xsd/surefire-test-report.xsd" version="3.0.1" name="runner.AppRunner" time="22.509" tests="1" errors="1" skipped="0" failures="0">
  <properties>
[...]
</properties>
  <testcase name="Search for speciality in top speciality section of consultation in patient app" classname="EMPTY_NAME" time="21.658">
    <error message="Could not start a new session. Response code 500. Message: An unknown server-side error occurred while processing the command. Original error: Error getting device platform version. Original error: Error executing adbExec. Original error: &apos;Command &apos;C:\\Users\\Archents\\AppData\\Local\\Android\\Sdk\\platform-tools\\adb.exe -P 5037 -s emulator-5554 shell getprop ro.build.version.release&apos; exited with code 1&apos;; Command output: adb.exe: device still authorizing&#10; &#10;Host info: host: &apos;DESKTOP-1B0JSGH&apos;, ip: &apos;192.168.1.15&apos;&#10;Build info: version: &apos;4.21.0&apos;, revision: &apos;79ed462ef4&apos;&#10;System info: os.name: &apos;Windows 11&apos;, os.arch: &apos;amd64&apos;, os.version: &apos;10.0&apos;, java.version: &apos;17.0.11&apos;&#10;Driver info: io.appium.java_client.android.AndroidDriver&#10;Command: [null, newSession {capabilities=[Capabilities {appium:appiumVersion: 2.10.3, appium:automationName: UiAutomator2, appium:deviceName: Pixel_7_Pro_API_31, appium:newCommandTimeout: 60, appium:noReset: true, appium:platformVersion: 12.0, appium:skipUnlock: true, platformName: ANDROID}]}]&#10;Capabilities {appium:appiumVersion: 2.10.3, appium:automationName: UiAutomator2, appium:deviceName: Pixel_7_Pro_API_31, appium:newCommandTimeout: 60, appium:noReset: true, appium:platformVersion: 12.0, appium:skipUnlock: true, platformName: ANDROID}" type="org.openqa.selenium.SessionNotCreatedException"><![CDATA[org.openqa.selenium.SessionNotCreatedException: 
Could not start a new session. Response code 500. Message: An unknown server-side error occurred while processing the command. Original error: Error getting device platform version. Original error: Error executing adbExec. Original error: 'Command 'C:\\Users\\Archents\\AppData\\Local\\Android\\Sdk\\platform-tools\\adb.exe -P 5037 -s emulator-5554 shell getprop ro.build.version.release' exited with code 1'; Command output: adb.exe: device still authorizing
 
Host info: host: 'DESKTOP-1B0JSGH', ip: '192.168.1.15'
Build info: version: '4.21.0', revision: '79ed462ef4'
System info: os.name: 'Windows 11', os.arch: 'amd64', os.version: '10.0', java.version: '17.0.11'
Driver info: io.appium.java_client.android.AndroidDriver
Command: [null, newSession {capabilities=[Capabilities {appium:appiumVersion: 2.10.3, appium:automationName: UiAutomator2, appium:deviceName: Pixel_7_Pro_API_31, appium:newCommandTimeout: 60, appium:noReset: true, appium:platformVersion: 12.0, appium:skipUnlock: true, platformName: ANDROID}]}]
Capabilities {appium:appiumVersion: 2.10.3, appium:automationName: UiAutomator2, appium:deviceName: Pixel_7_Pro_API_31, appium:newCommandTimeout: 60, appium:noReset: true, appium:platformVersion: 12.0, appium:skipUnlock: true, platformName: ANDROID}
	at org.openqa.selenium.remote.ProtocolHandshake.createSession(ProtocolHandshake.java:114)
	at org.openqa.selenium.remote.ProtocolHandshake.createSession(ProtocolHandshake.java:75)
	at org.openqa.selenium.remote.ProtocolHandshake.createSession(ProtocolHandshake.java:61)
	at io.appium.java_client.remote.AppiumCommandExecutor.createSession(AppiumCommandExecutor.java:176)
	at io.appium.java_client.remote.AppiumCommandExecutor.execute(AppiumCommandExecutor.java:237)
	at org.openqa.selenium.remote.RemoteWebDriver.execute(RemoteWebDriver.java:518)
	at io.appium.java_client.AppiumDriver.startSession(AppiumDriver.java:270)
	at org.openqa.selenium.remote.RemoteWebDriver.<init>(RemoteWebDriver.java:161)
	at io.appium.java_client.AppiumDriver.<init>(AppiumDriver.java:91)
	at io.appium.java_client.AppiumDriver.<init>(AppiumDriver.java:103)
	at io.appium.java_client.android.AndroidDriver.<init>(AndroidDriver.java:109)
	at baseclass.AppBase.initializeDriver(AppBase.java:52)
	at stepDef.SampleStep.setUp(SampleStep.java:32)
]]></error>
    <system-out><![CDATA[
@run @TC2
Scenario: Search for speciality in top speciality section of consultation in patient app # src/test/resources/Features/Sample.feature:17
Emulator launched
Tried to attach logging to file 'D:\DummyProj\TestAppium\LogFile.txt' but an error occurred: EBUSY: resource busy or locked, unlink 'D:\DummyProj\TestAppium\LogFile.txt'
&amp#27;[38;5;112m[Appium]&amp#27;[0m Welcome to Appium v2.10.3
&amp#27;[38;5;112m[Appium]&amp#27;[0m Non-default server args:
&amp#27;[38;5;112m[Appium]&amp#27;[0m { address: &amp#27;[32m'127.0.0.1'&amp#27;[39m, localTimezone: &amp#27;[33mtrue&amp#27;[39m }
&amp#27;[38;5;112m[Appium]&amp#27;[0m The autodetected Appium home path: C:\Users\Archents\.appium
&amp#27;[38;5;112m[Appium]&amp#27;[0m Attempting to load driver uiautomator2...
&amp#27;[38;5;112m[Appium]&amp#27;[0m Requiring driver at C:\Users\Archents\.appium\node_modules\appium-uiautomator2-driver\build\index.js
&amp#27;[38;5;112m[Appium]&amp#27;[0m AndroidUiautomator2Driver has been successfully loaded in 1.522s
&amp#27;[38;5;112m[Appium]&amp#27;[0m Appium REST http interface listener started on http://127.0.0.1:4723
&amp#27;[38;5;112m[Appium]&amp#27;[0m Available drivers:
&amp#27;[38;5;112m[Appium]&amp#27;[0m   - uiautomator2@2.29.2 (automationName 'UiAutomator2')
&amp#27;[38;5;112m[Appium]&amp#27;[0m No plugins have been installed. Use the "appium plugin" command to install the one(s) you want to use.
&amp#27;[38;5;86m[HTTP]&amp#27;[0m &amp#27;[37m-->&amp#27;[39m &amp#27;[37mGET&amp#27;[39m &amp#27;[37m/status&amp#27;[39m &amp#27;[90m{}&amp#27;[39m
&amp#27;[38;5;197m[AppiumDriver@5093]&amp#27;[0m Calling AppiumDriver.getStatus() with args: []
&amp#27;[38;5;197m[AppiumDriver@5093]&amp#27;[0m Responding to client with driver.getStatus() result: {"ready":true,"message":"The server is ready to accept new connections","build":{"version":"2.10.3"}}
&amp#27;[38;5;86m[HTTP]&amp#27;[0m &amp#27;[37m<-- GET /status &amp#27;[39m&amp#27;[32m200&amp#27;[39m &amp#27;[90m9 ms - 111&amp#27;[39m &amp#27;[90m&amp#27;[39m
Appium Server started successfully.
&amp#27;[38;5;86m[HTTP]&amp#27;[0m Request idempotency key: 6dc82eec-8799-4b1a-9be8-a4aff12b1a6f
&amp#27;[38;5;86m[HTTP]&amp#27;[0m &amp#27;[37m-->&amp#27;[39m &amp#27;[37mPOST&amp#27;[39m &amp#27;[37m/session&amp#27;[39m &amp#27;[90m{"capabilities":{"firstMatch":[{"appium:noReset":true,"appium:newCommandTimeout":60,"appium:skipUnlock":true,"appium:appiumVersion":"2.10.3","appium:deviceName":"Pixel_7_Pro_API_31","platformName":"ANDROID","appium:automationName":"UiAutomator2","appium:platformVersion":"12.0"}]}}&amp#27;[39m
&amp#27;[38;5;197m[AppiumDriver@5093]&amp#27;[0m Calling AppiumDriver.createSession() with args: [null,null,{"firstMatch":[{"appium:noReset":true,"appium:newCommandTimeout":60,"appium:skipUnlock":true,"appium:appiumVersion":"2.10.3","appium:deviceName":"Pixel_7_Pro_API_31","platformName":"ANDROID","appium:automationName":"UiAutomator2","appium:platformVersion":"12.0"}]}]
&amp#27;[38;5;197m[AppiumDriver@5093]&amp#27;[0m Event 'newSessionRequested' logged at 1720271392833 (18:39:52 GMT+0530 (India Standard Time))
&amp#27;[38;5;112m[Appium]&amp#27;[0m Attempting to find matching driver for automationName 'UiAutomator2' and platformName 'ANDROID'
&amp#27;[38;5;112m[Appium]&amp#27;[0m The 'uiautomator2' driver was installed and matched caps.
&amp#27;[38;5;112m[Appium]&amp#27;[0m Will require it at C:\Users\Archents\.appium\node_modules\appium-uiautomator2-driver
&amp#27;[38;5;112m[Appium]&amp#27;[0m Requiring driver at C:\Users\Archents\.appium\node_modules\appium-uiautomator2-driver\build\index.js
&amp#27;[38;5;197m[AppiumDriver@5093]&amp#27;[0m Appium v2.10.3 creating new AndroidUiautomator2Driver (v2.29.2) session
&amp#27;[38;5;197m[AppiumDriver@5093]&amp#27;[0m Checking BaseDriver versions for Appium and AndroidUiautomator2Driver
&amp#27;[38;5;197m[AppiumDriver@5093]&amp#27;[0m Appium's BaseDriver version is 9.10.3
&amp#27;[38;5;197m[AppiumDriver@5093]&amp#27;[0m AndroidUiautomator2Driver's BaseDriver version is 9.10.3
&amp#27;[38;5;-2m[AndroidUiautomator2Driver@6b03]&amp#27;[0m undefined
&amp#27;[38;5;-2m[AndroidUiautomator2Driver@6b03]&amp#27;[0m Creating session with W3C capabilities: {
  "alwaysMatch": {
    "platformName": "ANDROID",
    "appium:noReset": true,
    "appium:newCommandTimeout": 60,
    "appium:skipUnlock": true,
    "appium:appiumVersion": "2.10.3",
    "appium:deviceName": "Pixel_7_Pro_API_31",
    "appium:automationName": "UiAutomator2",
    "appium:platformVersion": "12.0"
  },
  "firstMatch": [
    {}
  ]
}
&amp#27;[38;5;-2m[AndroidUiautomator2Driver@6b03]&amp#27;[0m The following provided capabilities were not recognized by this driver:
&amp#27;[38;5;-2m[AndroidUiautomator2Driver@6b03]&amp#27;[0m   appiumVersion
&amp#27;[38;5;-2m[AndroidUiautomator2Driver@6b03]&amp#27;[0m   deviceName
&amp#27;[38;5;-2m[AndroidUiautomator2Driver@6b03]&amp#27;[0m Session created with session id: 1507418e-2fd4-42da-86d1-50c7308b19a3
&amp#27;[38;5;-2m[AndroidUiautomator2Driver@6b03]&amp#27;[0m Neither 'app' nor 'appPackage' was set. Starting UiAutomator2 without the target application
&amp#27;[38;5;229m[ADB]&amp#27;[0m Found 4 'build-tools' folders under 'C:\Users\Archents\AppData\Local\Android\Sdk' (newest first):
&amp#27;[38;5;229m[ADB]&amp#27;[0m     C:/Users/Archents/AppData/Local/Android/Sdk/build-tools/35.0.0-rc4
&amp#27;[38;5;229m[ADB]&amp#27;[0m     C:/Users/Archents/AppData/Local/Android/Sdk/build-tools/34.0.0
&amp#27;[38;5;229m[ADB]&amp#27;[0m     C:/Users/Archents/AppData/Local/Android/Sdk/build-tools/33.0.2
&amp#27;[38;5;229m[ADB]&amp#27;[0m     C:/Users/Archents/AppData/Local/Android/Sdk/build-tools/30.0.3
&amp#27;[38;5;229m[ADB]&amp#27;[0m Using 'adb.exe' from 'C:\Users\Archents\AppData\Local\Android\Sdk\platform-tools\adb.exe'
&amp#27;[38;5;229m[ADB]&amp#27;[0m Running 'C:\Users\Archents\AppData\Local\Android\Sdk\platform-tools\adb.exe -P 5037 start-server'
&amp#27;[38;5;183m[AndroidDriver]&amp#27;[0m Retrieving device list
&amp#27;[38;5;229m[ADB]&amp#27;[0m Trying to find a connected android device
&amp#27;[38;5;229m[ADB]&amp#27;[0m Getting connected devices
&amp#27;[38;5;229m[ADB]&amp#27;[0m No connected devices have been detected
&amp#27;[38;5;229m[ADB]&amp#27;[0m Could not find online devices
&amp#27;[38;5;229m[ADB]&amp#27;[0m Reconnecting adb (target offline)
&amp#27;[38;5;229m[ADB]&amp#27;[0m Running 'C:\Users\Archents\AppData\Local\Android\Sdk\platform-tools\adb.exe -P 5037 reconnect offline'
&amp#27;[38;5;229m[ADB]&amp#27;[0m Getting connected devices
&amp#27;[38;5;229m[ADB]&amp#27;[0m No connected devices have been detected
&amp#27;[38;5;229m[ADB]&amp#27;[0m Could not find online devices
&amp#27;[38;5;229m[ADB]&amp#27;[0m Reconnecting adb (target offline)
&amp#27;[38;5;229m[ADB]&amp#27;[0m Running 'C:\Users\Archents\AppData\Local\Android\Sdk\platform-tools\adb.exe -P 5037 reconnect offline'
&amp#27;[38;5;229m[ADB]&amp#27;[0m Getting connected devices
&amp#27;[38;5;229m[ADB]&amp#27;[0m No connected devices have been detected
&amp#27;[38;5;229m[ADB]&amp#27;[0m Could not find online devices
&amp#27;[38;5;229m[ADB]&amp#27;[0m Reconnecting adb (target offline)
&amp#27;[38;5;229m[ADB]&amp#27;[0m Running 'C:\Users\Archents\AppData\Local\Android\Sdk\platform-tools\adb.exe -P 5037 reconnect offline'
&amp#27;[38;5;229m[ADB]&amp#27;[0m Getting connected devices
&amp#27;[38;5;229m[ADB]&amp#27;[0m No connected devices have been detected
&amp#27;[38;5;229m[ADB]&amp#27;[0m Could not find online devices
&amp#27;[38;5;229m[ADB]&amp#27;[0m Reconnecting adb (target offline)
&amp#27;[38;5;229m[ADB]&amp#27;[0m Running 'C:\Users\Archents\AppData\Local\Android\Sdk\platform-tools\adb.exe -P 5037 reconnect offline'
&amp#27;[38;5;229m[ADB]&amp#27;[0m Getting connected devices
&amp#27;[38;5;229m[ADB]&amp#27;[0m No connected devices have been detected
&amp#27;[38;5;229m[ADB]&amp#27;[0m Could not find online devices
&amp#27;[38;5;229m[ADB]&amp#27;[0m Reconnecting adb (target offline)
&amp#27;[38;5;229m[ADB]&amp#27;[0m Running 'C:\Users\Archents\AppData\Local\Android\Sdk\platform-tools\adb.exe -P 5037 reconnect offline'
&amp#27;[38;5;229m[ADB]&amp#27;[0m Getting connected devices
&amp#27;[38;5;229m[ADB]&amp#27;[0m No connected devices have been detected
&amp#27;[38;5;229m[ADB]&amp#27;[0m Could not find online devices
&amp#27;[38;5;229m[ADB]&amp#27;[0m Reconnecting adb (target offline)
&amp#27;[38;5;229m[ADB]&amp#27;[0m Running 'C:\Users\Archents\AppData\Local\Android\Sdk\platform-tools\adb.exe -P 5037 reconnect offline'
&amp#27;[38;5;229m[ADB]&amp#27;[0m Getting connected devices
&amp#27;[38;5;229m[ADB]&amp#27;[0m No connected devices have been detected
&amp#27;[38;5;229m[ADB]&amp#27;[0m Could not find online devices
&amp#27;[38;5;229m[ADB]&amp#27;[0m Reconnecting adb (target offline)
&amp#27;[38;5;229m[ADB]&amp#27;[0m Running 'C:\Users\Archents\AppData\Local\Android\Sdk\platform-tools\adb.exe -P 5037 reconnect offline'
&amp#27;[38;5;229m[ADB]&amp#27;[0m Getting connected devices
&amp#27;[38;5;229m[ADB]&amp#27;[0m No connected devices have been detected
&amp#27;[38;5;229m[ADB]&amp#27;[0m Could not find online devices
&amp#27;[38;5;229m[ADB]&amp#27;[0m Reconnecting adb (target offline)
&amp#27;[38;5;229m[ADB]&amp#27;[0m Running 'C:\Users\Archents\AppData\Local\Android\Sdk\platform-tools\adb.exe -P 5037 reconnect offline'
&amp#27;[38;5;229m[ADB]&amp#27;[0m Getting connected devices
&amp#27;[38;5;229m[ADB]&amp#27;[0m No connected devices have been detected
&amp#27;[38;5;229m[ADB]&amp#27;[0m Could not find online devices
&amp#27;[38;5;229m[ADB]&amp#27;[0m Reconnecting adb (target offline)
&amp#27;[38;5;229m[ADB]&amp#27;[0m Running 'C:\Users\Archents\AppData\Local\Android\Sdk\platform-tools\adb.exe -P 5037 reconnect offline'
&amp#27;[38;5;229m[ADB]&amp#27;[0m Getting connected devices
&amp#27;[38;5;229m[ADB]&amp#27;[0m No connected devices have been detected
&amp#27;[38;5;229m[ADB]&amp#27;[0m Could not find online devices
&amp#27;[38;5;229m[ADB]&amp#27;[0m Reconnecting adb (target offline)
&amp#27;[38;5;229m[ADB]&amp#27;[0m Running 'C:\Users\Archents\AppData\Local\Android\Sdk\platform-tools\adb.exe -P 5037 reconnect offline'
&amp#27;[38;5;229m[ADB]&amp#27;[0m Getting connected devices
&amp#27;[38;5;229m[ADB]&amp#27;[0m No connected devices have been detected
&amp#27;[38;5;229m[ADB]&amp#27;[0m Could not find online devices
&amp#27;[38;5;229m[ADB]&amp#27;[0m Reconnecting adb (target offline)
&amp#27;[38;5;229m[ADB]&amp#27;[0m Running 'C:\Users\Archents\AppData\Local\Android\Sdk\platform-tools\adb.exe -P 5037 reconnect offline'
&amp#27;[38;5;229m[ADB]&amp#27;[0m Getting connected devices
&amp#27;[38;5;229m[ADB]&amp#27;[0m No connected devices have been detected
&amp#27;[38;5;229m[ADB]&amp#27;[0m Could not find online devices
&amp#27;[38;5;229m[ADB]&amp#27;[0m Reconnecting adb (target offline)
&amp#27;[38;5;229m[ADB]&amp#27;[0m Running 'C:\Users\Archents\AppData\Local\Android\Sdk\platform-tools\adb.exe -P 5037 reconnect offline'
&amp#27;[38;5;229m[ADB]&amp#27;[0m Getting connected devices
&amp#27;[38;5;229m[ADB]&amp#27;[0m No connected devices have been detected
&amp#27;[38;5;229m[ADB]&amp#27;[0m Could not find online devices
&amp#27;[38;5;229m[ADB]&amp#27;[0m Reconnecting adb (target offline)
&amp#27;[38;5;229m[ADB]&amp#27;[0m Running 'C:\Users\Archents\AppData\Local\Android\Sdk\platform-tools\adb.exe -P 5037 reconnect offline'
&amp#27;[38;5;229m[ADB]&amp#27;[0m Getting connected devices
&amp#27;[38;5;229m[ADB]&amp#27;[0m No connected devices have been detected
&amp#27;[38;5;229m[ADB]&amp#27;[0m Could not find online devices
&amp#27;[38;5;229m[ADB]&amp#27;[0m Reconnecting adb (target offline)
&amp#27;[38;5;229m[ADB]&amp#27;[0m Running 'C:\Users\Archents\AppData\Local\Android\Sdk\platform-tools\adb.exe -P 5037 reconnect offline'
&amp#27;[38;5;229m[ADB]&amp#27;[0m Getting connected devices
&amp#27;[38;5;229m[ADB]&amp#27;[0m No connected devices have been detected
&amp#27;[38;5;229m[ADB]&amp#27;[0m Could not find online devices
&amp#27;[38;5;229m[ADB]&amp#27;[0m Reconnecting adb (target offline)
&amp#27;[38;5;229m[ADB]&amp#27;[0m Running 'C:\Users\Archents\AppData\Local\Android\Sdk\platform-tools\adb.exe -P 5037 reconnect offline'
&amp#27;[38;5;229m[ADB]&amp#27;[0m Getting connected devices
&amp#27;[38;5;229m[ADB]&amp#27;[0m No connected devices have been detected
&amp#27;[38;5;229m[ADB]&amp#27;[0m Could not find online devices
&amp#27;[38;5;229m[ADB]&amp#27;[0m Reconnecting adb (target offline)
&amp#27;[38;5;229m[ADB]&amp#27;[0m Running 'C:\Users\Archents\AppData\Local\Android\Sdk\platform-tools\adb.exe -P 5037 reconnect offline'
&amp#27;[38;5;229m[ADB]&amp#27;[0m Getting connected devices
&amp#27;[38;5;229m[ADB]&amp#27;[0m No connected devices have been detected
&amp#27;[38;5;229m[ADB]&amp#27;[0m Could not find online devices
&amp#27;[38;5;229m[ADB]&amp#27;[0m Reconnecting adb (target offline)
&amp#27;[38;5;229m[ADB]&amp#27;[0m Running 'C:\Users\Archents\AppData\Local\Android\Sdk\platform-tools\adb.exe -P 5037 reconnect offline'
&amp#27;[38;5;229m[ADB]&amp#27;[0m Getting connected devices
&amp#27;[38;5;229m[ADB]&amp#27;[0m No connected devices have been detected
&amp#27;[38;5;229m[ADB]&amp#27;[0m Could not find online devices
&amp#27;[38;5;229m[ADB]&amp#27;[0m Reconnecting adb (target offline)
&amp#27;[38;5;229m[ADB]&amp#27;[0m Running 'C:\Users\Archents\AppData\Local\Android\Sdk\platform-tools\adb.exe -P 5037 reconnect offline'
&amp#27;[38;5;229m[ADB]&amp#27;[0m Getting connected devices
&amp#27;[38;5;229m[ADB]&amp#27;[0m No connected devices have been detected
&amp#27;[38;5;229m[ADB]&amp#27;[0m Could not find online devices
&amp#27;[38;5;229m[ADB]&amp#27;[0m Reconnecting adb (target offline)
&amp#27;[38;5;229m[ADB]&amp#27;[0m Running 'C:\Users\Archents\AppData\Local\Android\Sdk\platform-tools\adb.exe -P 5037 reconnect offline'
&amp#27;[38;5;229m[ADB]&amp#27;[0m Getting connected devices
&amp#27;[38;5;229m[ADB]&amp#27;[0m No connected devices have been detected
&amp#27;[38;5;229m[ADB]&amp#27;[0m Could not find online devices
&amp#27;[38;5;229m[ADB]&amp#27;[0m Reconnecting adb (target offline)
&amp#27;[38;5;229m[ADB]&amp#27;[0m Running 'C:\Users\Archents\AppData\Local\Android\Sdk\platform-tools\adb.exe -P 5037 reconnect offline'
&amp#27;[38;5;229m[ADB]&amp#27;[0m Getting connected devices
&amp#27;[38;5;229m[ADB]&amp#27;[0m No connected devices have been detected
&amp#27;[38;5;229m[ADB]&amp#27;[0m Could not find online devices
&amp#27;[38;5;229m[ADB]&amp#27;[0m Reconnecting adb (target offline)
&amp#27;[38;5;229m[ADB]&amp#27;[0m Running 'C:\Users\Archents\AppData\Local\Android\Sdk\platform-tools\adb.exe -P 5037 reconnect offline'
&amp#27;[38;5;229m[ADB]&amp#27;[0m Getting connected devices
&amp#27;[38;5;229m[ADB]&amp#27;[0m No connected devices have been detected
&amp#27;[38;5;229m[ADB]&amp#27;[0m Could not find online devices
&amp#27;[38;5;229m[ADB]&amp#27;[0m Reconnecting adb (target offline)
&amp#27;[38;5;229m[ADB]&amp#27;[0m Running 'C:\Users\Archents\AppData\Local\Android\Sdk\platform-tools\adb.exe -P 5037 reconnect offline'
&amp#27;[38;5;229m[ADB]&amp#27;[0m Getting connected devices
&amp#27;[38;5;229m[ADB]&amp#27;[0m No connected devices have been detected
&amp#27;[38;5;229m[ADB]&amp#27;[0m Could not find online devices
&amp#27;[38;5;229m[ADB]&amp#27;[0m Reconnecting adb (target offline)
&amp#27;[38;5;229m[ADB]&amp#27;[0m Running 'C:\Users\Archents\AppData\Local\Android\Sdk\platform-tools\adb.exe -P 5037 reconnect offline'
&amp#27;[38;5;229m[ADB]&amp#27;[0m Getting connected devices
&amp#27;[38;5;229m[ADB]&amp#27;[0m No connected devices have been detected
&amp#27;[38;5;229m[ADB]&amp#27;[0m Could not find online devices
&amp#27;[38;5;229m[ADB]&amp#27;[0m Reconnecting adb (target offline)
&amp#27;[38;5;229m[ADB]&amp#27;[0m Running 'C:\Users\Archents\AppData\Local\Android\Sdk\platform-tools\adb.exe -P 5037 reconnect offline'
&amp#27;[38;5;229m[ADB]&amp#27;[0m Getting connected devices
&amp#27;[38;5;229m[ADB]&amp#27;[0m No connected devices have been detected
&amp#27;[38;5;229m[ADB]&amp#27;[0m Could not find online devices
&amp#27;[38;5;229m[ADB]&amp#27;[0m Reconnecting adb (target offline)
&amp#27;[38;5;229m[ADB]&amp#27;[0m Running 'C:\Users\Archents\AppData\Local\Android\Sdk\platform-tools\adb.exe -P 5037 reconnect offline'
&amp#27;[38;5;229m[ADB]&amp#27;[0m Getting connected devices
&amp#27;[38;5;229m[ADB]&amp#27;[0m No connected devices have been detected
&amp#27;[38;5;229m[ADB]&amp#27;[0m Could not find online devices
&amp#27;[38;5;229m[ADB]&amp#27;[0m Reconnecting adb (target offline)
&amp#27;[38;5;229m[ADB]&amp#27;[0m Running 'C:\Users\Archents\AppData\Local\Android\Sdk\platform-tools\adb.exe -P 5037 reconnect offline'
&amp#27;[38;5;229m[ADB]&amp#27;[0m Getting connected devices
&amp#27;[38;5;229m[ADB]&amp#27;[0m No connected devices have been detected
&amp#27;[38;5;229m[ADB]&amp#27;[0m Could not find online devices
&amp#27;[38;5;229m[ADB]&amp#27;[0m Reconnecting adb (target offline)
&amp#27;[38;5;229m[ADB]&amp#27;[0m Running 'C:\Users\Archents\AppData\Local\Android\Sdk\platform-tools\adb.exe -P 5037 reconnect offline'
&amp#27;[38;5;229m[ADB]&amp#27;[0m Getting connected devices
&amp#27;[38;5;229m[ADB]&amp#27;[0m No connected devices have been detected
&amp#27;[38;5;229m[ADB]&amp#27;[0m Could not find online devices
&amp#27;[38;5;229m[ADB]&amp#27;[0m Reconnecting adb (target offline)
&amp#27;[38;5;229m[ADB]&amp#27;[0m Running 'C:\Users\Archents\AppData\Local\Android\Sdk\platform-tools\adb.exe -P 5037 reconnect offline'
&amp#27;[38;5;229m[ADB]&amp#27;[0m Getting connected devices
&amp#27;[38;5;229m[ADB]&amp#27;[0m No connected devices have been detected
&amp#27;[38;5;229m[ADB]&amp#27;[0m Could not find online devices
&amp#27;[38;5;229m[ADB]&amp#27;[0m Reconnecting adb (target offline)
&amp#27;[38;5;229m[ADB]&amp#27;[0m Running 'C:\Users\Archents\AppData\Local\Android\Sdk\platform-tools\adb.exe -P 5037 reconnect offline'
&amp#27;[38;5;229m[ADB]&amp#27;[0m Getting connected devices
&amp#27;[38;5;229m[ADB]&amp#27;[0m No connected devices have been detected
&amp#27;[38;5;229m[ADB]&amp#27;[0m Could not find online devices
&amp#27;[38;5;229m[ADB]&amp#27;[0m Reconnecting adb (target offline)
&amp#27;[38;5;229m[ADB]&amp#27;[0m Running 'C:\Users\Archents\AppData\Local\Android\Sdk\platform-tools\adb.exe -P 5037 reconnect offline'
&amp#27;[38;5;229m[ADB]&amp#27;[0m Getting connected devices
&amp#27;[38;5;229m[ADB]&amp#27;[0m No connected devices have been detected
&amp#27;[38;5;229m[ADB]&amp#27;[0m Could not find online devices
&amp#27;[38;5;229m[ADB]&amp#27;[0m Reconnecting adb (target offline)
&amp#27;[38;5;229m[ADB]&amp#27;[0m Running 'C:\Users\Archents\AppData\Local\Android\Sdk\platform-tools\adb.exe -P 5037 reconnect offline'
&amp#27;[38;5;229m[ADB]&amp#27;[0m Getting connected devices
&amp#27;[38;5;229m[ADB]&amp#27;[0m No connected devices have been detected
&amp#27;[38;5;229m[ADB]&amp#27;[0m Could not find online devices
&amp#27;[38;5;229m[ADB]&amp#27;[0m Reconnecting adb (target offline)
&amp#27;[38;5;229m[ADB]&amp#27;[0m Running 'C:\Users\Archents\AppData\Local\Android\Sdk\platform-tools\adb.exe -P 5037 reconnect offline'
&amp#27;[38;5;229m[ADB]&amp#27;[0m Getting connected devices
&amp#27;[38;5;229m[ADB]&amp#27;[0m No connected devices have been detected
&amp#27;[38;5;229m[ADB]&amp#27;[0m Could not find online devices
&amp#27;[38;5;229m[ADB]&amp#27;[0m Reconnecting adb (target offline)
&amp#27;[38;5;229m[ADB]&amp#27;[0m Running 'C:\Users\Archents\AppData\Local\Android\Sdk\platform-tools\adb.exe -P 5037 reconnect offline'
&amp#27;[38;5;229m[ADB]&amp#27;[0m Getting connected devices
&amp#27;[38;5;229m[ADB]&amp#27;[0m No connected devices have been detected
&amp#27;[38;5;229m[ADB]&amp#27;[0m Could not find online devices
&amp#27;[38;5;229m[ADB]&amp#27;[0m Reconnecting adb (target offline)
&amp#27;[38;5;229m[ADB]&amp#27;[0m Running 'C:\Users\Archents\AppData\Local\Android\Sdk\platform-tools\adb.exe -P 5037 reconnect offline'
&amp#27;[38;5;229m[ADB]&amp#27;[0m Getting connected devices
&amp#27;[38;5;229m[ADB]&amp#27;[0m No connected devices have been detected
&amp#27;[38;5;229m[ADB]&amp#27;[0m Could not find online devices
&amp#27;[38;5;229m[ADB]&amp#27;[0m Reconnecting adb (target offline)
&amp#27;[38;5;229m[ADB]&amp#27;[0m Running 'C:\Users\Archents\AppData\Local\Android\Sdk\platform-tools\adb.exe -P 5037 reconnect offline'
&amp#27;[38;5;229m[ADB]&amp#27;[0m Getting connected devices
&amp#27;[38;5;229m[ADB]&amp#27;[0m No connected devices have been detected
&amp#27;[38;5;229m[ADB]&amp#27;[0m Could not find online devices
&amp#27;[38;5;229m[ADB]&amp#27;[0m Reconnecting adb (target offline)
&amp#27;[38;5;229m[ADB]&amp#27;[0m Running 'C:\Users\Archents\AppData\Local\Android\Sdk\platform-tools\adb.exe -P 5037 reconnect offline'
&amp#27;[38;5;229m[ADB]&amp#27;[0m Getting connected devices
&amp#27;[38;5;229m[ADB]&amp#27;[0m No connected devices have been detected
&amp#27;[38;5;229m[ADB]&amp#27;[0m Could not find online devices
&amp#27;[38;5;229m[ADB]&amp#27;[0m Reconnecting adb (target offline)
&amp#27;[38;5;229m[ADB]&amp#27;[0m Running 'C:\Users\Archents\AppData\Local\Android\Sdk\platform-tools\adb.exe -P 5037 reconnect offline'
&amp#27;[38;5;229m[ADB]&amp#27;[0m Getting connected devices
&amp#27;[38;5;229m[ADB]&amp#27;[0m No connected devices have been detected
&amp#27;[38;5;229m[ADB]&amp#27;[0m Could not find online devices
&amp#27;[38;5;229m[ADB]&amp#27;[0m Reconnecting adb (target offline)
&amp#27;[38;5;229m[ADB]&amp#27;[0m Running 'C:\Users\Archents\AppData\Local\Android\Sdk\platform-tools\adb.exe -P 5037 reconnect offline'
&amp#27;[38;5;229m[ADB]&amp#27;[0m Getting connected devices
&amp#27;[38;5;229m[ADB]&amp#27;[0m No connected devices have been detected
&amp#27;[38;5;229m[ADB]&amp#27;[0m Could not find online devices
&amp#27;[38;5;229m[ADB]&amp#27;[0m Reconnecting adb (target offline)
&amp#27;[38;5;229m[ADB]&amp#27;[0m Running 'C:\Users\Archents\AppData\Local\Android\Sdk\platform-tools\adb.exe -P 5037 reconnect offline'
&amp#27;[38;5;229m[ADB]&amp#27;[0m Getting connected devices
&amp#27;[38;5;229m[ADB]&amp#27;[0m No connected devices have been detected
&amp#27;[38;5;229m[ADB]&amp#27;[0m Could not find online devices
&amp#27;[38;5;229m[ADB]&amp#27;[0m Reconnecting adb (target offline)
&amp#27;[38;5;229m[ADB]&amp#27;[0m Running 'C:\Users\Archents\AppData\Local\Android\Sdk\platform-tools\adb.exe -P 5037 reconnect offline'
&amp#27;[38;5;229m[ADB]&amp#27;[0m Getting connected devices
&amp#27;[38;5;229m[ADB]&amp#27;[0m No connected devices have been detected
&amp#27;[38;5;229m[ADB]&amp#27;[0m Could not find online devices
&amp#27;[38;5;229m[ADB]&amp#27;[0m Reconnecting adb (target offline)
&amp#27;[38;5;229m[ADB]&amp#27;[0m Running 'C:\Users\Archents\AppData\Local\Android\Sdk\platform-tools\adb.exe -P 5037 reconnect offline'
&amp#27;[38;5;229m[ADB]&amp#27;[0m Getting connected devices
&amp#27;[38;5;229m[ADB]&amp#27;[0m No connected devices have been detected
&amp#27;[38;5;229m[ADB]&amp#27;[0m Could not find online devices
&amp#27;[38;5;229m[ADB]&amp#27;[0m Reconnecting adb (target offline)
&amp#27;[38;5;229m[ADB]&amp#27;[0m Running 'C:\Users\Archents\AppData\Local\Android\Sdk\platform-tools\adb.exe -P 5037 reconnect offline'
&amp#27;[38;5;229m[ADB]&amp#27;[0m Getting connected devices
&amp#27;[38;5;229m[ADB]&amp#27;[0m No connected devices have been detected
&amp#27;[38;5;229m[ADB]&amp#27;[0m Could not find online devices
&amp#27;[38;5;229m[ADB]&amp#27;[0m Reconnecting adb (target offline)
&amp#27;[38;5;229m[ADB]&amp#27;[0m Running 'C:\Users\Archents\AppData\Local\Android\Sdk\platform-tools\adb.exe -P 5037 reconnect offline'
&amp#27;[38;5;229m[ADB]&amp#27;[0m Getting connected devices
&amp#27;[38;5;229m[ADB]&amp#27;[0m No connected devices have been detected
&amp#27;[38;5;229m[ADB]&amp#27;[0m Could not find online devices
&amp#27;[38;5;229m[ADB]&amp#27;[0m Reconnecting adb (target offline)
&amp#27;[38;5;229m[ADB]&amp#27;[0m Running 'C:\Users\Archents\AppData\Local\Android\Sdk\platform-tools\adb.exe -P 5037 reconnect offline'
&amp#27;[38;5;229m[ADB]&amp#27;[0m Getting connected devices
&amp#27;[38;5;229m[ADB]&amp#27;[0m Connected devices: [{"udid":"emulator-5554","state":"authorizing"}]
&amp#27;[38;5;183m[AndroidDriver]&amp#27;[0m Looking for a device with Android '12.0.0'
&amp#27;[38;5;229m[ADB]&amp#27;[0m Setting device id to emulator-5554
&amp#27;[38;5;229m[ADB]&amp#27;[0m Getting device platform version
&amp#27;[38;5;229m[ADB]&amp#27;[0m Running 'C:\Users\Archents\AppData\Local\Android\Sdk\platform-tools\adb.exe -P 5037 -s emulator-5554 shell getprop ro.build.version.release'
&amp#27;[38;5;-2m[AndroidUiautomator2Driver@6b03]&amp#27;[0m Deleting UiAutomator2 session
&amp#27;[38;5;197m[AppiumDriver@5093]&amp#27;[0m Event 'newSessionStarted' logged at 1720271408127 (18:40:08 GMT+0530 (India Standard Time))
&amp#27;[38;5;197m[AppiumDriver@5093]&amp#27;[0m Encountered internal error running command: Error: Error getting device platform version. Original error: Error executing adbExec. Original error: 'Command 'C:\\Users\\Archents\\AppData\\Local\\Android\\Sdk\\platform-tools\\adb.exe -P 5037 -s emulator-5554 shell getprop ro.build.version.release' exited with code 1'; Command output: adb.exe: device still authorizing

    at ADB.getPlatformVersion (C:\Users\Archents\.appium\node_modules\appium-uiautomator2-driver\node_modules\appium-adb\lib\tools\adb-commands.js:176:11)
    at Object.getDeviceInfoFromCaps (C:\Users\Archents\.appium\node_modules\appium-uiautomator2-driver\node_modules\appium-android-driver\lib\android-helpers.js:259:29)
    at AndroidUiautomator2Driver.startUiAutomator2Session (C:\Users\Archents\.appium\node_modules\appium-uiautomator2-driver\lib\driver.js:352:26)
    at AndroidUiautomator2Driver.createSession (C:\Users\Archents\.appium\node_modules\appium-uiautomator2-driver\lib\driver.js:241:7)
    at AppiumDriver.createSession (C:\Users\Archents\AppData\Roaming\npm\node_modules\appium\lib\appium.js:731:35)
&amp#27;[38;5;86m[HTTP]&amp#27;[0m &amp#27;[37m<-- POST /session &amp#27;[39m&amp#27;[31m500&amp#27;[39m &amp#27;[90m15397 ms - 1244&amp#27;[39m &amp#27;[90m&amp#27;[39m
      org.openqa.selenium.SessionNotCreatedException: Could not start a new session. Response code 500. Message: An unknown server-side error occurred while processing the command. Original error: Error getting device platform version. Original error: Error executing adbExec. Original error: 'Command 'C:\\Users\\Archents\\AppData\\Local\\Android\\Sdk\\platform-tools\\adb.exe -P 5037 -s emulator-5554 shell getprop ro.build.version.release' exited with code 1'; Command output: adb.exe: device still authorizing
 
Host info: host: 'DESKTOP-1B0JSGH', ip: '192.168.1.15'
Build info: version: '4.21.0', revision: '79ed462ef4'
System info: os.name: 'Windows 11', os.arch: 'amd64', os.version: '10.0', java.version: '17.0.11'
Driver info: io.appium.java_client.android.AndroidDriver
Command: [null, newSession {capabilities=[Capabilities {appium:appiumVersion: 2.10.3, appium:automationName: UiAutomator2, appium:deviceName: Pixel_7_Pro_API_31, appium:newCommandTimeout: 60, appium:noReset: true, appium:platformVersion: 12.0, appium:skipUnlock: true, platformName: ANDROID}]}]
Capabilities {appium:appiumVersion: 2.10.3, appium:automationName: UiAutomator2, appium:deviceName: Pixel_7_Pro_API_31, appium:newCommandTimeout: 60, appium:noReset: true, appium:platformVersion: 12.0, appium:skipUnlock: true, platformName: ANDROID}
	at org.openqa.selenium.remote.ProtocolHandshake.createSession(ProtocolHandshake.java:114)
	at org.openqa.selenium.remote.ProtocolHandshake.createSession(ProtocolHandshake.java:75)
	at org.openqa.selenium.remote.ProtocolHandshake.createSession(ProtocolHandshake.java:61)
	at io.appium.java_client.remote.AppiumCommandExecutor.createSession(AppiumCommandExecutor.java:176)
	at io.appium.java_client.remote.AppiumCommandExecutor.execute(AppiumCommandExecutor.java:237)
	at org.openqa.selenium.remote.RemoteWebDriver.execute(RemoteWebDriver.java:518)
	at io.appium.java_client.AppiumDriver.startSession(AppiumDriver.java:270)
	at org.openqa.selenium.remote.RemoteWebDriver.<init>(RemoteWebDriver.java:161)
	at io.appium.java_client.AppiumDriver.<init>(AppiumDriver.java:91)
	at io.appium.java_client.AppiumDriver.<init>(AppiumDriver.java:103)
	at io.appium.java_client.android.AndroidDriver.<init>(AndroidDriver.java:109)
	at baseclass.AppBase.initializeDriver(AppBase.java:52)
	at stepDef.SampleStep.setUp(SampleStep.java:32)

  Given User clicks the app                                                              # stepDef.SampleStep.user_clicks_the_app()
  And User enters login "7847881318" & "Kpj@1234"                                        # stepDef.SampleStep.user_enters_login(java.lang.String,java.lang.String)
  Then User clicks login button                                                          # stepDef.SampleStep.user_clicks_login_button()
  When User selects a app user, dashboard is displayed                                   # stepDef.SampleStep.user_selects_a_app_user_dashboard_is_displayed()
  And User clicks consultation                                                           # stepDef.SampleStep.user_clicks_consultation()
  Then User clicks see more of top speciality                                            # stepDef.SampleStep.user_clicks_see_more_of_top_speciality()
  Then User searches for a speciality by entering one in search bar                      # stepDef.SampleStep.user_is_shown_the_speciality_on_entering_one_is_search_bar()
  Then User is shown search result                                                       # stepDef.SampleStep.user_is_shown_search_result()
  Then User logsout of the app                                                           # stepDef.SampleStep.user_logsout_of_the_app()
]]></system-out>
  </testcase>
</testsuite>